<?xml version="1.0" encoding="UTF-8"?>
<testng-results skipped="0" failed="0" ignored="0" total="1" passed="1">
  <reporter-output>
  </reporter-output>
  <suite name="Default suite" duration-ms="8117" started-at="2022-03-06T06:04:07Z" finished-at="2022-03-06T06:04:15Z">
    <groups>
    </groups>
    <test name="Default test" duration-ms="8117" started-at="2022-03-06T06:04:07Z" finished-at="2022-03-06T06:04:15Z">
      <class name="sample2.Test2">
        <test-method status="PASS" signature="validateGoogle()[pri:0, instance:sample2.Test2@10bdf5e5]" name="validateGoogle" duration-ms="8056" started-at="2022-03-06T11:34:07Z" finished-at="2022-03-06T11:34:15Z">
          <reporter-output>
          </reporter-output>
        </test-method> <!-- validateGoogle -->
      </class> <!-- sample2.Test2 -->
    </test> <!-- Default test -->
  </suite> <!-- Default suite -->
</testng-results>
